2025-12-12 11:01:06,643 - snowflake.connector.connection - INFO - Snowflake Connector for Python Version: 4.1.1, Python Version: 3.13.9, Platform: Linux-6.14.0-36-generic-x86_64-with-glibc2.39
2025-12-12 11:01:06,645 - snowflake.connector.connection - INFO - Connecting to GLOBAL Snowflake domain
2025-12-12 11:20:16,165 - snowflake.connector.connection - INFO - Snowflake Connector for Python Version: 4.1.1, Python Version: 3.13.9, Platform: Linux-6.14.0-36-generic-x86_64-with-glibc2.39
2025-12-12 11:20:16,167 - snowflake.connector.connection - INFO - Connecting to GLOBAL Snowflake domain
2025-12-12 11:20:20,675 - __main__ - INFO - Starting weather data transformation...
2025-12-12 11:20:20,676 - snowflake.connector.connection - INFO - Snowflake Connector for Python Version: 4.1.1, Python Version: 3.13.9, Platform: Linux-6.14.0-36-generic-x86_64-with-glibc2.39
2025-12-12 11:20:20,677 - snowflake.connector.connection - INFO - Connecting to GLOBAL Snowflake domain
2025-12-12 11:20:22,243 - __main__ - INFO - Silver tables created/verified
2025-12-12 11:20:22,244 - __main__ - INFO - Fetching data from bronze table...
2025-12-12 11:20:22,244 - __main__ - INFO - Trying approach 1: SELECT *
2025-12-12 11:20:22,911 - __main__ - INFO - Trying approach 2: Uppercase columns
2025-12-12 11:20:23,187 - __main__ - WARNING - Approach 2 failed: Execution failed on sql '
                SELECT 
                    CITY_ID, CITY_NAME, COUNTRY_CO
2025-12-12 11:20:23,187 - __main__ - INFO - Trying approach 3: Lowercase columns
2025-12-12 11:20:23,457 - __main__ - WARNING - Approach 3 failed: Execution failed on sql '
                SELECT 
                    city_id, city_name, country_co
2025-12-12 11:20:23,458 - __main__ - INFO - Trying approach 4: Discover columns first
2025-12-12 11:20:23,764 - __main__ - INFO - Approach 4 successful: 0 rows
2025-12-12 11:20:23,764 - __main__ - WARNING - No data found in bronze table
